2025-08-20 16:22:38,287 - INFO - Starting Instagram API Scraper...
2025-08-20 16:22:38,288 - INFO - Found 174 brands with Instagram links
2025-08-20 16:22:38,288 - INFO - Limited to 3 brands for testing
2025-08-20 16:22:38,288 - INFO - 
[1/3] Processing: 5MOREDAYS
2025-08-20 16:22:38,288 - INFO - Processing 5MOREDAYS (@5more.days)
2025-08-20 16:22:39,803 - WARNING - Could not get user ID for 5more.days
2025-08-20 16:22:40,212 - INFO - Downloaded 0 media files for 5MOREDAYS
2025-08-20 16:22:43,289 - INFO - 
[2/3] Processing: 629
2025-08-20 16:22:43,290 - INFO - Processing 629 (@629la)
2025-08-20 16:22:43,799 - WARNING - Could not get user ID for 629la
2025-08-20 16:22:44,408 - INFO - Downloaded 0 media files for 629
2025-08-20 16:22:49,144 - INFO - 
[3/3] Processing: A STONECOLD STUDIOS PRODUCTION
2025-08-20 16:22:49,144 - INFO - Processing A STONECOLD STUDIOS PRODUCTION (@astonecoldstudiosproduction)
2025-08-20 16:22:49,519 - WARNING - Could not get user ID for astonecoldstudiosproduction
2025-08-20 16:22:50,176 - INFO - Downloaded 0 media files for A STONECOLD STUDIOS PRODUCTION
2025-08-20 16:22:54,174 - INFO - 
Completed! Successfully scraped 3 out of 3 brands
2025-08-20 16:22:54,174 - INFO - Check the 'downloads/instagram_data' folder for downloaded content.
