2025-08-20 16:24:20,547 - INFO - Starting Real Instagram Scraper...
2025-08-20 16:24:20,548 - INFO - Found 174 brands with Instagram links
2025-08-20 16:24:20,549 - INFO - Limited to 3 brands for testing
2025-08-20 16:24:20,549 - INFO - 
[1/3] Processing: 5MOREDAYS
2025-08-20 16:24:20,549 - INFO - Processing 5MOREDAYS (@5more.days)
2025-08-20 16:24:20,549 - INFO - Fetching profile data for: 5more.days
2025-08-20 16:24:21,514 - INFO - Downloaded 0 media files for 5MOREDAYS
2025-08-20 16:24:25,693 - INFO - 
[2/3] Processing: 629
2025-08-20 16:24:25,693 - INFO - Processing 629 (@629la)
2025-08-20 16:24:25,693 - INFO - Fetching profile data for: 629la
2025-08-20 16:24:26,554 - INFO - Downloaded 0 media files for 629
2025-08-20 16:24:29,683 - INFO - 
[3/3] Processing: A STONECOLD STUDIOS PRODUCTION
2025-08-20 16:24:29,684 - INFO - Processing A STONECOLD STUDIOS PRODUCTION (@astonecoldstudiosproduction)
2025-08-20 16:24:29,684 - INFO - Fetching profile data for: astonecoldstudiosproduction
2025-08-20 16:24:30,531 - INFO - Downloaded 0 media files for A STONECOLD STUDIOS PRODUCTION
2025-08-20 16:24:34,676 - INFO - 
Completed! Successfully scraped 3 out of 3 brands
2025-08-20 16:24:34,676 - INFO - Check the 'downloads/instagram_data' folder for downloaded content.
