2025-08-20 16:21:29,996 - INFO - Starting Working Instagram Content Scraper...
2025-08-20 16:21:29,997 - INFO - Found 174 brands with Instagram links
2025-08-20 16:21:29,997 - INFO - Limited to 3 brands for testing
2025-08-20 16:21:29,997 - INFO - 
[1/3] Processing: 5MOREDAYS
2025-08-20 16:21:29,997 - INFO - Processing 5MOREDAYS (@5more.days)
2025-08-20 16:21:29,997 - INFO - Fetching profile data for: 5more.days
2025-08-20 16:21:31,006 - INFO - Downloaded 0 media files for 5MOREDAYS
2025-08-20 16:21:36,675 - INFO - 
[2/3] Processing: 629
2025-08-20 16:21:36,675 - INFO - Processing 629 (@629la)
2025-08-20 16:21:36,676 - INFO - Fetching profile data for: 629la
2025-08-20 16:21:37,454 - INFO - Downloaded 0 media files for 629
2025-08-20 16:21:42,065 - INFO - 
[3/3] Processing: A STONECOLD STUDIOS PRODUCTION
2025-08-20 16:21:42,066 - INFO - Processing A STONECOLD STUDIOS PRODUCTION (@astonecoldstudiosproduction)
2025-08-20 16:21:42,066 - INFO - Fetching profile data for: astonecoldstudiosproduction
2025-08-20 16:21:42,927 - INFO - Downloaded 0 media files for A STONECOLD STUDIOS PRODUCTION
2025-08-20 16:21:47,857 - INFO - 
Completed! Successfully scraped 3 out of 3 brands
2025-08-20 16:21:47,857 - INFO - Check the 'downloads/instagram_data' folder for downloaded content.
